Vivado Simulator v2024.1.2
Copyright 1986-2022 Xilinx, Inc. All Rights Reserved.
Copyright 2022-2024 Advanced Micro Devices, Inc. All Rights Reserved.
Running: C:/Xilinx/Vivado/2024.1/bin/unwrapped/win64.o/xelab.exe --incr --debug typical --relax --mt 2 -L xil_defaultlib -L unisims_ver -L unimacro_ver -L secureip --snapshot CPU_tb_behav xil_defaultlib.CPU_tb xil_defaultlib.glbl -log elaborate.log 
Using 2 slave threads.
Starting static elaboration
Pass Through NonSizing Optimizer
WARNING: [VRFC 10-3091] actual bit length 1 differs from formal bit length 8 for port 'PC' [D:/vivado projects/8bit CPU/8bit CPU.srcs/sources_1/new/top module.v:37]
WARNING: [VRFC 10-3091] actual bit length 1 differs from formal bit length 8 for port 'PC' [D:/vivado projects/8bit CPU/8bit CPU.srcs/sources_1/new/top module.v:42]
Completed static elaboration
Starting simulation data flow analysis
Completed simulation data flow analysis
Time Resolution for simulation is 1ps
Compiling module xil_defaultlib.ProgramCounter
Compiling module xil_defaultlib.InstructionMemory
Compiling module xil_defaultlib.ControlUnit
Compiling module xil_defaultlib.RegisterFile
Compiling module xil_defaultlib.ALU
Compiling module xil_defaultlib.CPU
Compiling module xil_defaultlib.CPU_tb
Compiling module xil_defaultlib.glbl
Built simulation snapshot CPU_tb_behav
